<?xml version="1.0" encoding="UTF-8"?>
<testsuite name="Tests" tests="1" skipped="0" failures="0" errors="0" timestamp="2022-08-04T01:21:28" hostname="RODRIGUEZ-DESKT" time="0.068">
  <properties/>
  <testcase name="start" classname="Tests" time="0.068"/>
  <system-out><![CDATA[?[1;31m
Start test 1?[0m
Hello! My name is Aid.
I was created in 2022.
Please, remind me your name.
> Marry
What a great name you have, Marry!
Let me guess your age.
Enter remainders of dividing your age by 3, 5 and 7.
> 1
> 0
> 5
Your age is 40; that's a good time to start programming!
Now I will prove to you that I can count to any number you want.
> 10
0!
1!
2!
3!
4!
5!
6!
7!
8!
9!
10!
Let's test your programming knowledge.
What is the while loop used for?
1. To use code one time
2. To repeat a program a specific number of times
3. To repeat a program until a condition is met
4. To execute an entire program at once
> 1
Please, try again.
> 2
Please, try again.
> 3
Congratulations, have a nice day!
]]></system-out>
  <system-err><![CDATA[]]></system-err>
</testsuite>
